<?xml version="1.0" encoding="utf-8"?><testsuites name="pytest tests"><testsuite name="pytest" errors="0" failures="0" skipped="0" tests="24" time="218.816" timestamp="2026-09-08T10:49:18.381473-07:00" hostname="Nandas-MacBook-Pro-2.local"><testcase classname="tests.integration.test_observation_ledger_activation" name="test_provider_activation_is_explicit_and_revalidates_configured_authority" time="8.934" /><testcase classname="tests.integration.test_observation_ledger_activation" name="test_activation_waits_for_leased_operation_without_forcing_completion" time="0.212" /><testcase classname="tests.integration.test_observation_ledger_activation" name="test_activation_rescans_after_real_root_write_and_bounds_contention[1]" time="0.148" /><testcase classname="tests.integration.test_observation_ledger_activation" name="test_activation_rescans_after_real_root_write_and_bounds_contention[3]" time="0.187" /><testcase classname="tests.integration.test_observation_ledger_activation" name="test_activated_writer_rejects_legacy_mutation_routes[ordinary]" time="0.099" /><testcase classname="tests.integration.test_observation_ledger_activation" name="test_activated_writer_rejects_legacy_mutation_routes[conditional]" time="0.096" /><testcase classname="tests.integration.test_observation_ledger_activation" name="test_activated_writer_rejects_legacy_mutation_routes[unit_of_work]" time="0.092" /><testcase classname="tests.integration.test_observation_ledger_activation" name="test_activated_writer_rejects_legacy_mutation_routes[atomic]" time="0.100" /><testcase classname="tests.integration.test_observation_ledger_activation" name="test_activation_reload_rejects_incomplete_or_substituted_state[missing_head]" time="0.096" /><testcase classname="tests.integration.test_observation_ledger_activation" name="test_activation_reload_rejects_incomplete_or_substituted_state[head_shape]" time="0.096" /><testcase classname="tests.integration.test_observation_ledger_activation" name="test_activation_reload_rejects_incomplete_or_substituted_state[activation_shape]" time="0.116" /><testcase classname="tests.integration.test_observation_ledger_activation" name="test_activation_reload_rejects_incomplete_or_substituted_state[inventory]" time="0.143" /><testcase classname="tests.integration.test_observation_ledger_activation" name="test_activation_reload_rejects_incomplete_or_substituted_state[forged_binding]" time="0.128" /><testcase classname="tests.integration.test_observation_ledger_activation" name="test_atomic_activation_persists_registered_trio_and_replays_lost_ack" time="0.149" /><testcase classname="tests.integration.test_observation_ledger_activation" name="test_jsonl_activation_reopens_complete_registered_trio" time="0.137" /><testcase classname="tests.integration.test_observation_ledger_activation" name="test_activation_validates_retained_native_terminal_closure[False]" time="8.404" /><testcase classname="tests.integration.test_observation_ledger_activation" name="test_activation_validates_retained_native_terminal_closure[True]" time="0.619" /><testcase classname="tests.integration.test_observation_ledger_activation" name="test_public_concurrent_activation_recovers_winning_jsonl_cutover[_begin_observation_ledger_drain]" time="23.441" /><testcase classname="tests.integration.test_observation_ledger_activation" name="test_public_concurrent_activation_recovers_winning_jsonl_cutover[_activate_observation_ledger]" time="16.803" /><testcase classname="tests.integration.test_observation_ledger_activation" name="test_public_activation_recovers_jsonl_failure_before_or_after_commit[False]" time="17.123" /><testcase classname="tests.integration.test_observation_ledger_activation" name="test_public_activation_recovers_jsonl_failure_before_or_after_commit[True]" time="17.973" /><testcase classname="tests.integration.test_observation_ledger_activation" name="test_public_drain_preserves_live_operation_and_rejects_new_old_epoch_work" time="90.777" /><testcase classname="tests.integration.test_observation_ledger_activation" name="test_public_activation_preserves_captured_jsonl_history_bytes" time="17.718" /><testcase classname="tests.integration.test_observation_ledger_activation" name="test_public_activation_retries_competing_jsonl_drain_fence" time="8.702" /></testsuite></testsuites>